#! /usr/bin/vvp
:ivl_version "11.0 (stable)";
:ivl_delay_selection "TYPICAL";
:vpi_time_precision + 0;
:vpi_module "/usr/lib/x86_64-linux-gnu/ivl/system.vpi";
:vpi_module "/usr/lib/x86_64-linux-gnu/ivl/vhdl_sys.vpi";
:vpi_module "/usr/lib/x86_64-linux-gnu/ivl/vhdl_textio.vpi";
:vpi_module "/usr/lib/x86_64-linux-gnu/ivl/v2005_math.vpi";
:vpi_module "/usr/lib/x86_64-linux-gnu/ivl/va_math.vpi";
S_0x5ec367fab7b0 .scope module, "and1" "and1" 2 1;
 .timescale 0 0;
    .port_info 0 /INPUT 1 "a";
    .port_info 1 /INPUT 1 "b";
    .port_info 2 /OUTPUT 1 "c";
o0x729eb799f018 .functor BUFZ 1, C4<z>; HiZ drive
o0x729eb799f048 .functor BUFZ 1, C4<z>; HiZ drive
L_0x5ec367fbb0b0 .functor AND 1, o0x729eb799f018, o0x729eb799f048, C4<1>, C4<1>;
v0x5ec367faad00_0 .net "a", 0 0, o0x729eb799f018;  0 drivers
v0x5ec367fba9f0_0 .net "b", 0 0, o0x729eb799f048;  0 drivers
v0x5ec367fbaab0_0 .net "c", 0 0, L_0x5ec367fbb0b0;  1 drivers
S_0x5ec367fab990 .scope module, "not1" "not1" 3 1;
 .timescale 0 0;
    .port_info 0 /INPUT 1 "a";
    .port_info 1 /OUTPUT 1 "b";
o0x729eb799f138 .functor BUFZ 1, C4<z>; HiZ drive
L_0x5ec367fbb1b0 .functor NOT 1, o0x729eb799f138, C4<0>, C4<0>, C4<0>;
v0x5ec367fbac00_0 .net "a", 0 0, o0x729eb799f138;  0 drivers
v0x5ec367fbacc0_0 .net "b", 0 0, L_0x5ec367fbb1b0;  1 drivers
S_0x5ec367faab20 .scope module, "or1" "or1" 4 1;
 .timescale 0 0;
    .port_info 0 /INPUT 1 "a";
    .port_info 1 /INPUT 1 "b";
    .port_info 2 /OUTPUT 1 "c";
o0x729eb799f1f8 .functor BUFZ 1, C4<z>; HiZ drive
o0x729eb799f228 .functor BUFZ 1, C4<z>; HiZ drive
L_0x5ec367fbb280 .functor OR 1, o0x729eb799f1f8, o0x729eb799f228, C4<0>, C4<0>;
v0x5ec367fbade0_0 .net "a", 0 0, o0x729eb799f1f8;  0 drivers
v0x5ec367fbaea0_0 .net "b", 0 0, o0x729eb799f228;  0 drivers
v0x5ec367fbaf60_0 .net "c", 0 0, L_0x5ec367fbb280;  1 drivers
# The file index is used to find the file name in the following table.
:file_names 5;
    "N/A";
    "<interactive>";
    "and.v";
    "not.v";
    "or.v";
