#! /usr/bin/vvp
:ivl_version "11.0 (stable)";
:ivl_delay_selection "TYPICAL";
:vpi_time_precision + 0;
:vpi_module "/usr/lib/x86_64-linux-gnu/ivl/system.vpi";
:vpi_module "/usr/lib/x86_64-linux-gnu/ivl/vhdl_sys.vpi";
:vpi_module "/usr/lib/x86_64-linux-gnu/ivl/vhdl_textio.vpi";
:vpi_module "/usr/lib/x86_64-linux-gnu/ivl/v2005_math.vpi";
:vpi_module "/usr/lib/x86_64-linux-gnu/ivl/va_math.vpi";
S_0x5c65384c3d90 .scope module, "mux4" "mux4" 2 1;
 .timescale 0 0;
    .port_info 0 /INPUT 4 "d0";
    .port_info 1 /INPUT 4 "d1";
    .port_info 2 /INPUT 1 "s";
    .port_info 3 /OUTPUT 1 "y";
v0x5c65384c3f90_0 .net *"_ivl_0", 3 0, L_0x5c653850ad30;  1 drivers
o0x7f243e4b8048 .functor BUFZ 4, C4<zzzz>; HiZ drive
v0x5c653850a960_0 .net "d0", 3 0, o0x7f243e4b8048;  0 drivers
o0x7f243e4b8078 .functor BUFZ 4, C4<zzzz>; HiZ drive
v0x5c653850aa40_0 .net "d1", 3 0, o0x7f243e4b8078;  0 drivers
o0x7f243e4b80a8 .functor BUFZ 1, C4<z>; HiZ drive
v0x5c653850ab30_0 .net "s", 0 0, o0x7f243e4b80a8;  0 drivers
v0x5c653850abf0_0 .net "y", 0 0, L_0x5c653850ae80;  1 drivers
L_0x5c653850ad30 .functor MUXZ 4, o0x7f243e4b8048, o0x7f243e4b8078, o0x7f243e4b80a8, C4<>;
L_0x5c653850ae80 .part L_0x5c653850ad30, 0, 1;
# The file index is used to find the file name in the following table.
:file_names 3;
    "N/A";
    "<interactive>";
    "mux_4.v";
